SF:lib/src/models/color_picker_action_buttons.dart
DA:51,36
DA:282,1
DA:306,1
DA:307,1
DA:308,1
DA:309,1
DA:310,1
DA:311,1
DA:312,1
DA:313,1
DA:314,1
DA:315,1
DA:316,1
DA:317,1
DA:318,1
DA:319,1
DA:320,1
DA:321,1
DA:322,1
DA:323,1
DA:325,1
DA:327,1
DA:328,1
DA:329,1
DA:330,1
DA:334,2
DA:337,3
DA:338,1
DA:339,3
DA:340,3
DA:341,3
DA:342,3
DA:343,3
DA:344,3
DA:345,3
DA:346,3
DA:347,3
DA:348,3
DA:349,3
DA:350,3
DA:351,3
DA:352,3
DA:353,3
DA:354,3
DA:355,3
DA:356,3
DA:357,3
DA:358,3
DA:359,3
DA:360,3
DA:361,3
DA:364,1
DA:365,2
DA:366,1
DA:367,1
DA:368,1
DA:369,1
DA:370,1
DA:371,1
DA:372,1
DA:373,1
DA:374,1
DA:375,1
DA:376,1
DA:377,1
DA:378,1
DA:379,1
DA:380,1
DA:381,1
DA:382,1
DA:383,1
DA:384,1
DA:385,1
DA:386,1
DA:387,1
DA:390,1
DA:392,1
DA:393,3
DA:394,3
DA:395,3
DA:396,3
DA:397,3
DA:398,3
DA:399,3
DA:400,1
DA:401,2
DA:402,2
DA:403,1
DA:404,1
DA:405,2
DA:407,3
DA:408,3
DA:410,3
DA:411,1
DA:412,2
DA:413,2
DA:414,1
DA:416,3
DA:417,1
DA:418,2
DA:419,2
DA:420,1
DA:421,3
DA:422,2
DA:423,1
DA:425,3
LF:106
LH:106
end_of_record
SF:lib/src/functions/picker_functions.dart
DA:14,4
DA:15,4
DA:16,4
DA:19,4
DA:20,2
DA:21,4
DA:23,24
DA:24,4
DA:29,4
DA:30,4
DA:31,4
DA:32,4
DA:34,24
DA:35,4
DA:44,3
DA:46,3
DA:47,1
DA:48,1
DA:50,1
DA:51,1
DA:52,1
DA:53,1
DA:54,1
DA:59,1
DA:61,1
DA:62,1
DA:63,1
DA:65,1
DA:66,1
DA:67,1
DA:76,3
DA:86,6
DA:87,3
DA:88,9
DA:90,3
DA:92,3
DA:99,2
DA:100,1
DA:108,3
DA:110,6
DA:111,3
DA:115,2
DA:123,3
DA:128,6
DA:129,12
DA:139,3
DA:140,3
DA:141,9
DA:142,9
DA:143,9
DA:144,9
DA:145,9
DA:146,9
DA:147,9
DA:148,9
DA:149,9
DA:150,9
DA:151,9
DA:156,3
DA:157,6
DA:159,10
DA:162,15
LF:62
LH:62
end_of_record
SF:lib/src/universal_widgets/dry_intrisinic.dart
DA:20,3
DA:25,3
DA:27,3
DA:32,0
DA:34,0
DA:36,0
DA:37,0
DA:38,0
DA:56,1
DA:61,1
DA:63,1
DA:68,0
DA:70,0
DA:72,0
DA:73,0
DA:74,0
LF:16
LH:6
end_of_record
SF:lib/src/color_indicator.dart
DA:12,4
DA:26,6
DA:27,6
DA:28,6
DA:29,6
DA:109,3
DA:110,3
DA:116,3
DA:118,6
DA:119,3
DA:122,1
DA:126,2
DA:127,2
DA:128,4
DA:129,2
DA:131,1
DA:134,3
DA:136,6
DA:137,3
DA:140,3
DA:144,12
DA:150,12
DA:152,3
DA:154,6
DA:155,6
DA:157,3
DA:158,9
DA:159,6
DA:160,3
DA:162,3
DA:163,6
DA:164,6
DA:165,3
DA:177,3
DA:178,3
DA:180,6
DA:186,6
DA:188,6
DA:190,6
DA:191,1
DA:192,3
DA:193,4
DA:196,6
DA:197,3
DA:198,6
DA:202,15
DA:203,0
DA:204,9
LF:48
LH:47
end_of_record
SF:lib/src/color_picker.dart
DA:70,2
DA:163,6
DA:165,6
DA:167,6
DA:169,4
DA:170,6
DA:172,6
DA:175,6
DA:177,3
DA:179,6
DA:181,6
DA:183,6
DA:185,6
DA:188,4
DA:189,2
DA:711,2
DA:712,2
DA:736,0
DA:915,0
DA:918,0
DA:922,0
DA:923,0
DA:926,0
DA:927,0
DA:928,0
DA:930,0
DA:932,0
DA:936,0
DA:937,0
DA:938,0
DA:939,0
DA:940,0
DA:941,0
DA:946,0
DA:947,0
DA:948,0
DA:949,0
DA:950,0
DA:955,0
DA:956,0
DA:957,0
DA:958,0
DA:959,0
DA:968,0
DA:969,0
DA:972,0
DA:973,0
DA:974,0
DA:976,0
DA:978,0
DA:982,0
DA:983,0
DA:984,0
DA:985,0
DA:986,0
DA:987,0
DA:992,0
DA:993,0
DA:994,0
DA:995,0
DA:996,0
DA:1001,0
DA:1002,0
DA:1003,0
DA:1004,0
DA:1005,0
DA:1016,0
DA:1017,0
DA:1018,0
DA:1020,0
DA:1025,0
DA:1031,0
DA:1036,0
DA:1037,0
DA:1038,0
DA:1041,0
DA:1062,0
DA:1068,0
DA:1071,0
DA:1073,0
DA:1084,0
DA:1086,0
DA:1089,0
DA:1092,0
DA:1094,0
DA:1099,0
DA:1100,0
DA:1105,0
DA:1107,0
DA:1108,0
DA:1111,0
DA:1202,2
DA:1204,2
DA:1207,2
DA:1208,8
DA:1209,4
DA:1210,6
DA:1212,10
DA:1213,6
DA:1216,4
DA:1217,6
DA:1220,6
DA:1222,6
DA:1224,6
DA:1226,6
DA:1228,6
DA:1232,4
DA:1237,8
DA:1238,2
DA:1240,6
DA:1244,4
DA:1246,6
DA:1248,6
DA:1250,6
DA:1251,6
DA:1254,6
DA:1255,6
DA:1257,6
DA:1260,4
DA:1261,4
DA:1262,4
DA:1264,2
DA:1265,2
DA:1267,2
DA:1268,2
DA:1271,2
DA:1272,4
DA:1274,8
DA:1276,2
DA:1278,8
DA:1279,2
DA:1282,0
DA:1285,0
DA:1291,0
DA:1293,0
DA:1294,0
DA:1296,0
DA:1297,0
DA:1298,0
DA:1299,0
DA:1300,0
DA:1301,0
DA:1306,0
DA:1308,0
DA:1310,0
DA:1313,0
DA:1314,0
DA:1317,0
DA:1320,0
DA:1322,0
DA:1325,0
DA:1327,0
DA:1334,0
DA:1335,0
DA:1336,0
DA:1354,0
DA:1357,0
DA:1362,0
DA:1363,0
DA:1364,0
DA:1366,0
DA:1372,0
DA:1374,0
DA:1376,0
DA:1378,0
DA:1379,0
DA:1382,0
DA:1383,0
DA:1385,0
DA:1388,0
DA:1389,0
DA:1399,0
DA:1400,0
DA:1404,0
DA:1406,0
DA:1408,0
DA:1409,0
DA:1410,0
DA:1411,0
DA:1412,0
DA:1413,0
DA:1416,0
DA:1417,0
DA:1420,0
DA:1421,0
DA:1423,0
DA:1424,0
DA:1431,0
DA:1434,0
DA:1436,0
DA:1439,0
DA:1443,2
DA:1445,2
DA:1452,2
DA:1453,12
DA:1457,2
DA:1458,4
DA:1460,4
DA:1461,2
DA:1462,2
DA:1463,4
DA:1464,4
DA:1470,0
DA:1471,0
DA:1472,0
DA:1473,0
DA:1474,0
DA:1475,0
DA:1476,0
DA:1477,0
DA:1478,0
DA:1479,0
DA:1480,0
DA:1481,0
DA:1485,0
DA:1493,4
DA:1494,4
DA:1495,0
DA:1496,0
DA:1501,2
DA:1504,6
DA:1506,8
DA:1509,4
DA:1510,4
DA:1511,0
DA:1512,4
DA:1513,2
DA:1514,4
DA:1521,6
DA:1522,0
DA:1523,6
DA:1524,0
DA:1525,0
DA:1526,2
DA:1527,4
DA:1528,0
DA:1529,0
DA:1531,4
DA:1532,8
DA:1542,4
DA:1545,2
DA:1547,4
DA:1548,4
DA:1549,4
DA:1550,2
DA:1553,2
DA:1557,4
DA:1558,6
DA:1561,10
DA:1566,10
DA:1571,6
DA:1572,6
DA:1573,6
DA:1574,6
DA:1579,6
DA:1580,6
DA:1584,2
DA:1585,2
DA:1586,2
DA:1591,2
DA:1593,1
DA:1594,1
DA:1595,3
DA:1596,3
DA:1598,3
DA:1600,3
DA:1601,0
DA:1602,0
DA:1603,0
DA:1605,0
DA:1609,0
DA:1611,0
DA:1614,0
DA:1615,0
DA:1622,2
DA:1623,4
DA:1626,2
DA:1627,4
DA:1628,2
DA:1630,4
DA:1631,6
DA:1632,6
DA:1633,6
DA:1634,6
DA:1635,2
DA:1636,6
DA:1637,2
DA:1638,4
DA:1639,6
DA:1640,2
DA:1642,6
DA:1643,2
DA:1645,6
DA:1646,0
DA:1651,0
DA:1653,0
DA:1654,0
DA:1655,0
DA:1657,0
DA:1658,0
DA:1662,6
DA:1663,0
DA:1668,0
DA:1670,0
DA:1671,0
DA:1672,0
DA:1674,0
DA:1675,0
DA:1679,4
DA:1680,4
DA:1681,4
DA:1685,4
DA:1686,2
DA:1687,6
DA:1688,4
DA:1691,2
DA:1692,2
DA:1693,2
DA:1694,0
DA:1695,0
DA:1698,2
DA:1699,2
DA:1700,2
DA:1701,2
DA:1702,1
DA:1708,2
DA:1709,2
DA:1710,1
DA:1712,1
DA:1715,2
DA:1716,2
DA:1717,0
DA:1718,0
DA:1720,1
DA:1721,1
DA:1724,4
DA:1725,4
DA:1726,4
DA:1731,4
DA:1734,4
DA:1735,2
DA:1736,4
DA:1737,4
DA:1738,4
DA:1739,2
DA:1740,4
DA:1741,1
DA:1742,1
DA:1743,1
DA:1745,4
DA:1746,4
DA:1747,4
DA:1748,4
DA:1749,4
DA:1750,4
DA:1751,4
DA:1752,4
DA:1753,2
DA:1756,4
DA:1757,2
DA:1758,6
DA:1759,2
DA:1760,4
DA:1761,4
DA:1762,2
DA:1763,4
DA:1764,4
DA:1765,4
DA:1766,4
DA:1767,4
DA:1768,4
DA:1769,2
DA:1770,2
DA:1771,1
DA:1772,2
DA:1773,3
DA:1774,3
DA:1776,1
DA:1777,2
DA:1778,3
DA:1779,1
DA:1780,1
DA:1781,1
DA:1782,1
DA:1783,1
DA:1784,1
DA:1785,1
DA:1787,4
DA:1789,1
DA:1790,3
DA:1791,2
DA:1794,1
DA:1795,2
DA:1796,1
DA:1803,4
DA:1804,4
DA:1805,4
DA:1806,2
DA:1807,6
DA:1808,4
DA:1811,4
DA:1812,4
DA:1813,4
DA:1814,2
DA:1815,6
DA:1816,4
DA:1819,4
DA:1820,2
DA:1821,4
DA:1822,4
DA:1823,4
DA:1824,2
DA:1825,4
DA:1826,1
DA:1827,1
DA:1828,1
DA:1829,2
DA:1830,0
DA:1831,0
DA:1832,0
DA:1836,4
DA:1837,4
DA:1838,4
DA:1839,4
DA:1840,4
DA:1841,4
DA:1842,4
DA:1843,4
DA:1844,2
DA:1847,8
DA:1848,2
DA:1849,6
DA:1850,4
DA:1853,4
DA:1854,2
DA:1855,4
DA:1856,4
DA:1857,4
DA:1858,4
DA:1859,1
DA:1860,1
DA:1861,1
DA:1862,2
DA:1863,1
DA:1864,1
DA:1867,2
DA:1868,4
DA:1869,2
DA:1870,8
DA:1871,2
DA:1872,4
DA:1873,2
DA:1874,8
DA:1875,2
DA:1876,4
DA:1877,4
DA:1878,4
DA:1879,4
DA:1880,4
DA:1881,2
DA:1884,8
DA:1885,2
DA:1886,6
DA:1887,4
DA:1890,4
DA:1891,2
DA:1892,6
DA:1893,2
DA:1894,6
DA:1896,2
DA:1897,2
DA:1898,2
DA:1899,4
DA:1900,2
DA:1901,4
DA:1902,4
DA:1903,2
DA:1904,0
DA:1905,0
DA:1907,0
DA:1908,0
DA:1909,0
DA:1910,0
DA:1911,0
DA:1913,0
DA:1915,0
DA:1917,0
DA:1918,0
DA:1919,0
DA:1920,0
DA:1921,0
DA:1922,0
DA:1923,0
DA:1924,0
DA:1925,0
DA:1927,0
DA:1929,0
DA:1930,0
DA:1931,0
DA:1932,0
DA:1933,0
DA:1934,0
DA:1936,0
DA:1947,8
DA:1948,2
DA:1949,2
DA:1951,4
DA:1952,2
DA:1953,6
DA:1954,2
DA:1955,2
DA:1956,4
DA:1958,4
DA:1965,8
DA:1966,2
DA:1968,4
DA:1969,2
DA:1970,6
DA:1971,2
DA:1972,2
DA:1973,4
DA:1983,8
DA:1984,2
DA:1985,6
DA:1986,2
DA:1990,2
DA:1992,4
DA:1993,2
DA:1994,2
DA:1995,4
DA:1996,4
DA:1997,4
DA:1998,4
DA:1999,4
DA:2000,4
DA:2001,2
DA:2002,0
DA:2003,0
DA:2004,0
DA:2005,0
DA:2008,0
DA:2009,0
DA:2010,0
DA:2011,0
DA:2013,0
DA:2014,0
DA:2015,0
DA:2017,1
DA:2018,2
DA:2019,1
DA:2020,1
DA:2021,1
DA:2022,1
DA:2026,4
DA:2027,4
DA:2031,8
DA:2032,2
DA:2033,4
DA:2034,2
DA:2035,6
DA:2042,4
DA:2043,4
DA:2044,2
DA:2045,6
DA:2046,4
DA:2049,4
DA:2050,2
DA:2051,4
DA:2052,4
DA:2053,4
DA:2054,2
DA:2055,2
DA:2056,1
DA:2057,1
DA:2059,4
DA:2060,4
DA:2061,4
DA:2062,4
DA:2063,4
DA:2064,4
DA:2065,4
DA:2066,4
DA:2067,2
DA:2077,1
DA:2088,4
DA:2090,2
DA:2092,2
DA:2094,3
DA:2096,2
DA:2097,3
DA:2101,1
DA:2102,1
DA:2105,1
DA:2106,1
DA:2108,1
DA:2113,3
DA:2114,3
DA:2116,1
DA:2122,2
DA:2123,1
DA:2124,2
DA:2125,1
DA:2127,1
DA:2131,4
DA:2133,4
DA:2136,1
DA:2138,2
DA:2140,2
DA:2143,3
DA:2145,3
DA:2146,5
DA:2148,2
DA:2149,3
DA:2152,4
DA:2156,0
DA:2160,0
DA:2166,0
DA:2168,0
DA:2170,0
DA:2178,0
DA:2184,0
DA:2185,0
DA:2190,0
DA:2196,0
DA:2199,0
DA:2201,0
DA:2202,0
DA:2203,0
DA:2207,0
DA:2209,0
DA:2210,0
DA:2211,0
DA:2218,1
DA:2219,1
DA:2223,0
DA:2224,0
DA:2227,0
DA:2229,0
DA:2238,0
DA:2239,0
DA:2241,0
DA:2242,0
DA:2244,0
DA:2245,0
DA:2246,0
DA:2250,0
DA:2251,0
DA:2253,0
DA:2254,0
DA:2257,0
DA:2258,0
DA:2261,0
DA:2262,0
DA:2275,0
DA:2276,0
DA:2277,0
DA:2278,0
DA:2281,0
DA:2282,0
DA:2288,0
DA:2291,0
DA:2292,0
DA:2293,0
DA:2296,0
DA:2301,0
DA:2303,0
DA:2304,0
DA:2305,0
DA:2306,0
DA:2315,1
DA:2317,3
DA:2318,1
DA:2319,3
DA:2321,0
DA:2322,0
DA:2324,0
DA:2325,0
DA:2327,0
DA:2328,0
DA:2330,0
DA:2331,0
DA:2334,1
DA:2335,1
LF:683
LH:401
end_of_record
SF:lib/src/show_color_picker_dialog.dart
DA:7,0
DA:637,0
DA:639,0
DA:693,0
LF:4
LH:0
end_of_record
SF:lib/src/color_picker_extensions.dart
DA:12,3
DA:13,12
DA:17,3
DA:18,15
DA:49,1
DA:51,1
DA:54,2
DA:56,1
DA:57,1
DA:59,1
DA:60,1
DA:62,1
DA:63,1
DA:66,2
DA:67,2
DA:68,2
DA:69,2
DA:70,2
DA:71,2
DA:72,1
DA:75,1
DA:77,1
DA:81,1
DA:82,5
DA:89,2
DA:92,1
DA:93,7
DA:101,1
DA:102,2
DA:127,1
DA:129,1
DA:132,2
DA:134,1
DA:135,1
DA:137,1
DA:138,1
DA:140,1
DA:141,1
DA:144,2
DA:145,2
DA:146,2
DA:147,2
DA:148,2
DA:149,2
DA:150,1
DA:153,1
DA:155,1
DA:159,1
DA:161,4
DA:162,1
DA:168,2
DA:172,1
DA:176,2
DA:177,4
DA:178,1
DA:188,1
DA:192,2
LF:57
LH:57
end_of_record
SF:lib/src/color_tools.dart
DA:134,6
DA:135,3
DA:193,3
DA:194,6
DA:195,6
DA:196,18
DA:210,2
DA:214,4
DA:215,12
DA:231,3
DA:232,6
DA:233,6
DA:234,18
DA:241,3
DA:281,3
DA:282,3
DA:283,3
DA:284,3
DA:285,3
DA:286,6
DA:287,6
DA:288,6
DA:289,15
DA:290,15
DA:291,15
DA:297,9
DA:298,9
DA:299,9
DA:300,9
DA:301,9
DA:302,9
DA:303,9
DA:304,9
DA:305,6
DA:386,6
DA:387,3
DA:409,3
DA:410,6
DA:411,6
DA:412,18
DA:430,1
DA:431,2
DA:432,2
DA:433,6
DA:440,1
DA:452,3
DA:453,3
DA:454,3
DA:455,3
DA:456,3
DA:457,6
DA:458,6
DA:459,6
DA:460,15
DA:461,15
DA:462,15
DA:467,9
DA:468,9
DA:469,6
DA:577,6
DA:578,3
DA:586,3
DA:587,6
DA:588,6
DA:589,18
DA:606,1
DA:607,2
DA:608,2
DA:609,6
DA:616,1
DA:622,1
DA:625,2
DA:626,2
DA:627,6
DA:645,3
DA:648,6
DA:649,6
DA:650,18
DA:658,3
DA:666,1
DA:669,1
DA:670,1
DA:672,2
DA:674,2
DA:683,1
DA:686,1
DA:687,1
DA:689,2
DA:691,2
DA:703,3
DA:707,9
DA:708,6
DA:709,18
DA:711,4
DA:713,1
DA:719,9
DA:720,6
DA:721,18
DA:723,9
DA:725,1
DA:732,9
DA:733,6
DA:734,18
DA:736,9
DA:738,1
DA:747,6
DA:748,4
DA:749,18
DA:751,5
DA:753,1
DA:765,1
DA:766,3
DA:781,3
DA:782,6
DA:799,8
DA:802,3
DA:803,6
DA:804,3
DA:805,3
DA:806,3
DA:808,3
DA:809,6
DA:810,9
DA:811,9
DA:816,3
DA:817,3
DA:818,9
DA:819,10
DA:821,18
DA:822,18
DA:823,15
DA:824,18
DA:825,18
DA:826,15
DA:827,6
DA:828,6
DA:833,3
DA:834,0
DA:835,3
DA:841,9
DA:842,9
DA:843,12
DA:844,9
DA:845,12
DA:846,15
DA:847,6
DA:848,9
DA:849,15
LF:148
LH:147
end_of_record
SF:lib/src/color_wheel_picker.dart
DA:22,3
DA:36,9
DA:97,3
DA:98,3
DA:122,3
DA:124,3
DA:125,9
DA:126,9
DA:127,9
DA:128,9
DA:129,6
DA:132,3
DA:134,6
DA:135,3
DA:138,1
DA:140,1
DA:142,2
DA:143,0
DA:144,0
DA:149,2
DA:151,4
DA:152,3
DA:155,4
DA:156,3
DA:159,4
DA:160,3
DA:163,4
DA:164,3
DA:169,12
DA:172,1
DA:173,4
DA:174,1
DA:175,3
DA:177,0
DA:180,0
DA:182,0
DA:183,0
DA:187,1
DA:190,3
DA:192,1
DA:193,3
DA:194,3
DA:196,3
DA:197,1
DA:198,5
DA:199,2
DA:200,1
DA:203,4
DA:204,3
DA:207,2
DA:210,0
DA:211,0
DA:212,0
DA:213,0
DA:214,0
DA:215,0
DA:216,0
DA:217,0
DA:218,0
DA:219,0
DA:220,0
DA:224,1
DA:226,3
DA:229,1
DA:230,2
DA:231,1
DA:233,3
DA:234,1
DA:237,5
DA:240,4
DA:241,2
DA:242,1
DA:243,1
DA:244,1
DA:245,1
DA:248,0
DA:250,0
DA:253,0
DA:255,0
DA:257,0
DA:258,0
DA:259,0
DA:260,0
DA:261,0
DA:262,0
DA:265,0
DA:266,0
DA:267,0
DA:272,0
DA:275,0
DA:277,0
DA:278,0
DA:280,0
DA:281,0
DA:282,0
DA:283,0
DA:286,0
DA:288,0
DA:289,0
DA:292,0
DA:293,0
DA:294,0
DA:296,0
DA:297,0
DA:300,0
DA:301,0
DA:302,0
DA:304,0
DA:306,0
DA:307,0
DA:310,0
DA:312,0
DA:313,0
DA:314,0
DA:315,0
DA:316,0
DA:317,0
DA:320,0
DA:321,0
DA:322,0
DA:327,1
DA:331,3
DA:332,1
DA:333,1
DA:337,5
DA:341,4
DA:344,3
DA:346,3
DA:349,1
DA:350,2
DA:351,0
DA:352,0
DA:353,0
DA:354,0
DA:355,0
DA:356,0
DA:361,2
DA:378,3
DA:379,3
DA:380,3
DA:381,3
DA:382,3
DA:384,3
DA:386,3
DA:387,3
DA:388,3
DA:389,3
DA:390,3
DA:391,3
DA:392,3
DA:393,6
DA:395,10
DA:396,6
DA:397,6
DA:398,6
DA:402,3
DA:403,3
DA:404,3
DA:405,3
DA:406,6
DA:407,6
DA:410,3
DA:411,3
DA:412,3
DA:413,6
DA:415,10
DA:416,6
DA:421,3
DA:422,3
DA:423,3
DA:424,6
DA:437,3
DA:446,3
DA:458,3
DA:459,17
DA:460,3
DA:462,15
DA:464,3
DA:466,15
DA:467,6
DA:469,9
DA:472,3
DA:473,6
DA:474,6
DA:475,3
DA:476,3
DA:478,9
DA:480,3
DA:481,3
DA:483,9
DA:485,3
DA:486,3
DA:488,3
DA:489,3
DA:490,3
DA:496,3
DA:497,3
DA:499,3
DA:500,3
DA:501,3
DA:504,3
DA:505,3
DA:507,3
DA:508,3
DA:509,6
DA:513,1
DA:515,3
DA:516,3
DA:517,3
DA:518,3
DA:519,3
DA:520,3
DA:521,3
DA:522,0
DA:527,3
DA:532,3
DA:539,3
DA:540,17
DA:542,3
DA:544,15
DA:545,6
DA:554,8
DA:556,3
DA:558,6
DA:559,6
DA:562,9
DA:563,6
DA:564,6
DA:565,3
DA:566,12
DA:567,3
DA:568,6
DA:569,3
DA:572,3
DA:579,3
DA:581,3
DA:583,9
DA:584,3
DA:585,3
DA:586,6
DA:589,3
DA:591,9
DA:592,3
DA:593,3
DA:594,6
DA:598,1
DA:600,3
DA:601,3
DA:602,3
DA:603,3
DA:608,3
DA:613,3
DA:620,3
DA:621,17
DA:622,3
DA:624,15
DA:626,3
DA:628,15
DA:629,6
DA:631,9
DA:635,3
DA:636,3
DA:637,3
DA:638,3
DA:640,3
DA:641,3
DA:642,3
DA:643,3
DA:646,3
DA:647,6
DA:649,9
DA:650,3
DA:655,3
DA:656,3
DA:659,1
DA:661,3
DA:662,3
DA:663,0
DA:664,0
DA:665,0
DA:670,3
DA:673,3
DA:678,3
DA:679,17
DA:681,3
DA:683,15
DA:684,6
DA:688,3
DA:689,3
DA:690,3
DA:691,3
DA:693,3
DA:694,3
DA:695,3
DA:696,3
DA:699,3
DA:700,12
DA:705,12
DA:706,12
DA:709,1
DA:711,3
DA:712,3
DA:718,1
DA:719,8
DA:720,0
DA:721,0
DA:722,1
DA:723,3
DA:724,1
DA:725,3
DA:726,6
DA:727,24
DA:728,3
DA:730,12
DA:731,3
DA:732,12
LF:316
LH:242
end_of_record
SF:lib/src/models/color_picker_copy_paste_behavior.dart
DA:58,36
DA:348,1
DA:375,1
DA:376,1
DA:377,1
DA:378,1
DA:379,1
DA:380,1
DA:381,1
DA:382,1
DA:383,1
DA:384,1
DA:385,1
DA:386,1
DA:387,1
DA:389,1
DA:392,1
DA:393,1
DA:394,1
DA:395,1
DA:396,1
DA:397,1
DA:398,1
DA:399,1
DA:400,1
DA:401,1
DA:402,1
DA:403,1
DA:407,2
DA:410,3
DA:411,1
DA:412,3
DA:413,3
DA:414,3
DA:415,3
DA:416,3
DA:417,3
DA:418,3
DA:419,3
DA:420,3
DA:421,3
DA:422,3
DA:423,3
DA:424,2
DA:425,1
DA:426,2
DA:427,1
DA:428,3
DA:429,3
DA:430,3
DA:431,3
DA:432,3
DA:433,3
DA:434,3
DA:435,3
DA:436,3
DA:437,3
DA:438,3
DA:441,1
DA:442,2
DA:443,1
DA:444,1
DA:445,1
DA:446,1
DA:447,1
DA:448,1
DA:449,1
DA:450,1
DA:451,1
DA:452,1
DA:453,1
DA:454,1
DA:455,1
DA:456,1
DA:457,1
DA:458,1
DA:459,1
DA:460,1
DA:461,1
DA:462,1
DA:463,1
DA:464,1
DA:465,1
DA:466,1
DA:467,1
DA:470,1
DA:472,1
DA:473,3
DA:474,3
DA:475,3
DA:476,3
DA:477,3
DA:478,3
DA:479,3
DA:480,3
DA:481,3
DA:483,3
DA:484,3
DA:485,3
DA:486,2
DA:487,1
DA:488,2
DA:490,1
DA:491,1
DA:492,2
DA:493,2
DA:494,1
DA:495,2
DA:496,1
DA:497,3
DA:498,3
DA:499,1
DA:500,2
DA:501,3
DA:502,1
DA:503,2
DA:504,1
DA:505,2
DA:507,3
DA:508,1
DA:509,2
LF:121
LH:121
end_of_record
SF:lib/src/widgets/color_code_field.dart
DA:14,2
DA:91,2
DA:92,2
DA:102,2
DA:104,2
DA:105,4
DA:106,4
DA:107,6
DA:108,8
DA:111,2
DA:113,4
DA:114,4
DA:115,2
DA:118,1
DA:120,1
DA:121,6
DA:122,3
DA:123,4
DA:127,2
DA:132,4
DA:134,4
DA:136,2
DA:139,6
DA:140,2
DA:144,10
DA:149,6
DA:150,4
DA:151,2
DA:153,1
DA:154,0
DA:157,4
DA:160,4
DA:163,0
DA:168,2
DA:171,4
DA:172,6
DA:175,4
DA:177,4
DA:178,2
DA:179,2
DA:186,2
DA:187,2
DA:188,2
DA:189,2
DA:191,2
DA:195,2
DA:196,2
DA:198,4
DA:199,2
DA:201,4
DA:202,4
DA:203,2
DA:204,2
DA:208,2
DA:219,2
DA:220,4
DA:221,2
DA:223,2
DA:224,6
DA:225,2
DA:226,8
DA:231,2
DA:233,2
DA:235,2
DA:236,2
DA:237,2
DA:238,2
DA:241,2
DA:242,2
DA:246,2
DA:248,2
DA:250,2
DA:251,2
DA:254,2
DA:256,2
DA:257,2
DA:260,2
DA:262,2
DA:263,2
DA:266,2
DA:268,2
DA:269,2
DA:272,2
DA:274,2
DA:275,2
DA:278,2
DA:282,0
DA:283,0
DA:284,0
DA:285,0
DA:286,0
DA:288,0
DA:290,0
DA:291,0
DA:292,0
DA:293,0
DA:294,0
DA:296,0
DA:297,0
DA:298,0
DA:308,0
DA:310,0
DA:311,0
DA:312,0
DA:314,0
DA:315,0
DA:317,0
DA:318,0
DA:320,0
DA:321,0
DA:323,0
DA:324,0
DA:327,0
DA:328,0
DA:333,2
DA:334,6
DA:335,6
DA:336,2
DA:337,2
DA:338,0
DA:340,0
DA:341,0
DA:342,0
DA:344,0
DA:345,0
DA:352,0
DA:355,0
DA:356,0
DA:357,0
LF:129
LH:89
end_of_record
SF:lib/src/universal_widgets/if_wrapper.dart
DA:32,3
DA:38,3
DA:54,3
DA:56,3
DA:57,6
DA:58,3
DA:59,3
DA:61,3
LF:8
LH:8
end_of_record
SF:lib/src/widgets/color_picker_toolbar.dart
DA:14,2
DA:24,2
DA:56,2
DA:63,2
DA:65,4
DA:67,2
DA:70,4
DA:71,2
DA:74,4
DA:75,2
DA:79,8
DA:82,8
DA:84,4
DA:85,4
DA:86,0
DA:87,0
DA:88,0
DA:91,2
DA:92,4
DA:93,0
DA:96,4
DA:97,0
DA:99,0
DA:101,2
DA:102,2
DA:103,2
DA:104,2
DA:105,6
DA:106,2
DA:107,0
DA:108,0
DA:109,0
DA:110,0
DA:111,2
DA:112,2
DA:113,2
DA:114,6
DA:115,2
DA:117,4
DA:118,4
DA:119,4
DA:120,4
DA:122,4
DA:124,2
DA:125,2
DA:126,6
DA:127,2
DA:129,4
DA:130,4
DA:131,4
DA:132,4
DA:134,4
DA:136,6
DA:137,1
DA:138,3
DA:139,1
DA:141,2
DA:142,2
DA:143,2
DA:144,2
DA:146,2
DA:148,2
DA:149,2
DA:150,6
DA:151,2
DA:153,4
DA:154,4
DA:155,4
DA:156,4
DA:158,4
DA:160,6
DA:161,2
DA:162,6
DA:163,2
DA:165,4
DA:166,4
DA:167,4
DA:168,4
DA:170,4
LF:79
LH:69
end_of_record
SF:lib/src/widgets/context_copy_paste_menu.dart
DA:24,1
DA:41,1
DA:146,1
DA:148,1
DA:152,2
DA:153,1
DA:154,2
DA:155,2
DA:156,1
DA:157,2
DA:158,1
DA:159,1
DA:160,2
DA:162,3
DA:163,1
DA:164,2
DA:165,2
DA:167,1
DA:168,2
DA:174,2
DA:175,3
DA:176,3
DA:177,3
DA:181,1
DA:183,1
DA:184,1
DA:186,1
DA:187,1
DA:188,1
DA:189,1
DA:191,1
DA:192,1
DA:193,1
DA:195,1
DA:196,1
DA:197,1
DA:198,1
DA:200,1
DA:201,3
DA:202,2
DA:207,1
DA:209,1
DA:210,1
DA:211,1
DA:212,1
DA:214,1
DA:215,3
DA:216,2
DA:222,1
DA:223,1
DA:224,1
LF:51
LH:51
end_of_record
SF:lib/src/widgets/main_colors.dart
DA:10,2
DA:81,2
DA:83,6
DA:84,2
DA:85,4
DA:86,2
DA:87,2
DA:88,2
DA:89,2
DA:90,2
DA:91,2
DA:92,6
DA:93,2
DA:94,6
DA:95,2
DA:97,2
DA:98,2
DA:100,2
DA:101,2
DA:102,2
DA:103,2
DA:104,1
DA:105,2
DA:106,2
DA:108,2
LF:25
LH:25
end_of_record
SF:lib/src/widgets/opacity/opacity_slider.dart
DA:31,2
DA:41,6
DA:43,6
DA:45,2
DA:98,2
DA:100,2
DA:101,2
DA:103,2
DA:104,2
DA:105,2
DA:106,0
DA:107,0
DA:108,0
DA:109,0
DA:113,0
DA:114,0
DA:115,0
DA:116,0
DA:131,2
DA:132,1
DA:133,2
DA:135,2
DA:136,6
DA:137,2
DA:138,2
DA:140,2
DA:145,0
DA:151,0
DA:154,0
DA:155,0
DA:159,0
DA:165,0
LF:32
LH:18
end_of_record
SF:lib/src/widgets/picker_selector.dart
DA:14,2
DA:23,2
DA:50,2
DA:53,2
DA:54,6
DA:57,2
DA:63,2
DA:65,4
DA:70,2
DA:72,2
DA:73,4
DA:74,2
DA:75,2
DA:76,4
DA:77,4
DA:79,2
DA:80,4
DA:82,4
DA:83,2
DA:87,4
DA:88,4
DA:90,2
DA:91,4
DA:93,4
DA:94,2
DA:98,4
DA:99,4
DA:101,2
DA:102,4
DA:104,4
DA:105,2
DA:109,4
DA:110,4
DA:112,2
DA:113,4
DA:115,4
DA:116,1
DA:120,4
DA:121,4
DA:123,2
DA:124,4
DA:126,4
DA:127,2
DA:131,4
DA:132,4
DA:134,2
DA:135,4
DA:137,4
DA:138,2
DA:143,2
DA:148,1
DA:149,2
DA:151,2
LF:53
LH:53
end_of_record
SF:lib/src/widgets/recent_colors.dart
DA:12,2
DA:29,2
DA:86,2
DA:88,2
DA:89,2
DA:90,4
DA:91,2
DA:92,2
DA:93,2
DA:94,2
DA:95,2
DA:96,2
DA:98,12
DA:100,2
DA:101,2
DA:103,2
DA:104,2
DA:105,2
DA:106,2
DA:107,1
DA:108,2
DA:110,2
LF:22
LH:22
end_of_record
SF:lib/src/widgets/shade_colors.dart
DA:13,2
DA:30,2
DA:87,2
DA:89,6
DA:90,2
DA:91,4
DA:92,2
DA:93,2
DA:94,2
DA:95,2
DA:97,6
DA:98,2
DA:100,12
DA:102,2
DA:103,2
DA:105,2
DA:106,2
DA:107,2
DA:108,2
DA:109,1
DA:110,2
DA:112,2
LF:22
LH:22
end_of_record
SF:lib/src/widgets/tonal_palette_colors.dart
DA:13,2
DA:29,2
DA:80,2
DA:81,2
DA:87,2
DA:89,2
DA:90,8
DA:93,1
DA:95,2
DA:96,4
DA:98,1
DA:101,2
DA:104,4
DA:105,2
DA:106,6
DA:107,2
DA:108,4
DA:109,4
DA:110,2
DA:111,2
DA:112,2
DA:113,6
DA:114,10
DA:116,4
DA:117,4
DA:119,4
DA:120,4
DA:121,4
DA:122,4
DA:123,1
DA:124,3
DA:126,4
LF:32
LH:32
end_of_record
SF:lib/src/universal_widgets/context_popup_menu.dart
DA:35,1
DA:94,1
DA:95,1
DA:101,1
DA:103,2
DA:104,2
DA:105,0
DA:106,0
DA:107,0
DA:108,2
DA:109,0
DA:110,0
DA:111,0
DA:113,1
DA:116,0
DA:117,0
DA:118,0
DA:119,0
DA:123,0
DA:124,0
DA:125,0
DA:126,0
DA:129,2
DA:133,0
DA:134,0
DA:136,0
DA:138,0
DA:139,0
DA:140,0
DA:141,0
DA:142,0
DA:143,0
DA:144,0
DA:145,0
DA:148,0
LF:35
LH:9
end_of_record
SF:lib/src/widgets/opacity/opacity_slider_thumb.dart
DA:22,0
DA:33,0
DA:35,0
DA:50,0
DA:52,0
DA:54,0
DA:56,0
DA:57,0
DA:58,0
DA:61,0
DA:62,0
DA:63,0
DA:64,0
DA:66,0
DA:67,0
DA:70,0
DA:73,0
DA:74,0
DA:75,0
DA:77,0
DA:78,0
DA:79,0
DA:81,0
DA:83,0
DA:86,0
DA:91,0
DA:93,0
DA:94,0
DA:95,0
DA:97,0
LF:30
LH:0
end_of_record
SF:lib/src/widgets/opacity/opacity_slider_track.dart
DA:13,0
DA:17,0
DA:18,0
DA:22,0
DA:48,0
DA:57,0
DA:59,0
DA:60,0
DA:61,0
DA:62,0
DA:65,0
DA:67,0
DA:69,0
DA:70,0
DA:73,0
DA:74,0
DA:77,0
DA:91,0
DA:93,0
DA:95,0
DA:97,0
DA:99,0
DA:102,0
DA:106,0
DA:113,0
DA:114,0
DA:116,0
DA:117,0
DA:118,0
DA:120,0
DA:121,0
DA:122,0
DA:127,0
DA:131,0
DA:137,0
DA:138,0
DA:139,0
DA:140,0
DA:141,0
DA:142,0
DA:143,0
DA:144,0
DA:145,0
DA:146,0
DA:149,0
DA:152,0
DA:155,0
DA:160,0
DA:161,0
DA:162,0
LF:50
LH:0
end_of_record
