SF:lib/src/models/color_picker_action_buttons.dart
DA:57,56
DA:293,1
DA:318,1
DA:319,1
DA:320,1
DA:321,1
DA:322,1
DA:323,1
DA:324,1
DA:325,1
DA:326,1
DA:327,1
DA:328,1
DA:329,1
DA:330,1
DA:331,1
DA:332,1
DA:333,1
DA:335,1
DA:336,1
DA:337,1
DA:339,1
DA:341,1
DA:342,1
DA:343,1
DA:344,1
DA:348,2
DA:351,3
DA:352,1
DA:353,3
DA:354,3
DA:355,3
DA:356,3
DA:357,3
DA:358,3
DA:359,3
DA:360,3
DA:361,3
DA:362,3
DA:363,3
DA:364,3
DA:365,3
DA:366,3
DA:367,3
DA:368,3
DA:369,3
DA:370,3
DA:371,3
DA:372,3
DA:373,3
DA:374,3
DA:375,3
DA:376,3
DA:379,1
DA:380,2
DA:381,1
DA:382,1
DA:383,1
DA:384,1
DA:385,1
DA:386,1
DA:387,1
DA:388,1
DA:389,1
DA:390,1
DA:391,1
DA:392,1
DA:393,1
DA:394,1
DA:395,1
DA:396,1
DA:397,1
DA:398,1
DA:399,1
DA:400,1
DA:401,1
DA:402,1
DA:403,1
DA:406,1
DA:408,1
DA:409,3
DA:410,3
DA:411,3
DA:412,3
DA:413,3
DA:414,3
DA:415,3
DA:416,1
DA:417,2
DA:418,2
DA:419,1
DA:420,1
DA:421,2
DA:423,3
DA:424,3
DA:426,3
DA:427,1
DA:428,2
DA:429,2
DA:430,1
DA:431,2
DA:432,1
DA:434,3
DA:435,1
DA:436,2
DA:437,2
DA:438,1
DA:439,3
DA:440,2
DA:441,1
DA:443,3
LF:111
LH:111
end_of_record
SF:lib/src/functions/picker_functions.dart
DA:14,4
DA:15,4
DA:16,4
DA:19,4
DA:20,2
DA:21,4
DA:23,24
DA:24,4
DA:29,4
DA:30,4
DA:31,4
DA:32,4
DA:34,24
DA:35,4
DA:44,3
DA:46,3
DA:47,2
DA:48,2
DA:50,2
DA:51,2
DA:52,2
DA:53,1
DA:54,1
DA:59,1
DA:61,1
DA:62,1
DA:63,1
DA:65,1
DA:66,1
DA:67,1
DA:76,4
DA:86,8
DA:87,4
DA:88,12
DA:90,4
DA:92,3
DA:98,4
DA:99,2
DA:100,6
DA:102,4
DA:106,4
DA:113,2
DA:114,1
DA:122,4
DA:124,8
DA:125,4
DA:129,3
DA:155,4
DA:160,8
DA:161,16
DA:171,4
DA:172,4
DA:173,12
DA:174,12
DA:175,12
DA:176,12
DA:177,12
DA:178,12
DA:179,12
DA:180,12
DA:181,12
DA:182,10
DA:183,12
DA:188,3
DA:189,6
DA:191,10
DA:194,15
LF:67
LH:67
end_of_record
SF:lib/src/universal_widgets/dry_intrisinic.dart
DA:20,3
DA:25,3
DA:27,3
DA:32,0
DA:34,0
DA:36,0
DA:37,0
DA:38,0
DA:56,1
DA:61,1
DA:63,1
DA:68,0
DA:70,0
DA:72,0
DA:73,0
DA:74,0
LF:16
LH:6
end_of_record
SF:lib/src/color_indicator.dart
DA:12,5
DA:26,8
DA:27,8
DA:28,8
DA:29,8
DA:109,4
DA:110,4
DA:116,4
DA:118,8
DA:119,4
DA:122,2
DA:126,4
DA:127,4
DA:128,4
DA:129,2
DA:131,2
DA:134,4
DA:136,8
DA:137,4
DA:140,4
DA:144,16
DA:150,16
DA:152,4
DA:154,8
DA:155,8
DA:157,4
DA:158,12
DA:159,8
DA:160,3
DA:162,4
DA:163,8
DA:164,8
DA:165,4
DA:177,4
DA:178,4
DA:180,8
DA:186,8
DA:188,8
DA:190,8
DA:191,2
DA:192,6
DA:193,8
DA:196,8
DA:197,4
DA:198,8
DA:202,20
DA:203,0
DA:204,12
LF:48
LH:47
end_of_record
SF:lib/src/color_picker.dart
DA:69,3
DA:167,9
DA:170,3
DA:171,2
DA:174,3
DA:175,2
DA:177,9
DA:179,9
DA:181,6
DA:182,9
DA:184,9
DA:187,7
DA:189,4
DA:191,9
DA:193,9
DA:195,9
DA:197,9
DA:200,6
DA:201,3
DA:742,3
DA:743,3
DA:767,2
DA:954,2
DA:957,2
DA:961,6
DA:962,2
DA:964,4
DA:965,2
DA:966,4
DA:967,1
DA:968,1
DA:969,1
DA:970,2
DA:971,1
DA:973,3
DA:976,2
DA:977,1
DA:978,1
DA:979,2
DA:980,1
DA:984,1
DA:985,2
DA:986,1
DA:987,1
DA:988,1
DA:989,2
DA:990,1
DA:992,3
DA:995,1
DA:996,1
DA:997,1
DA:998,2
DA:999,1
DA:1003,1
DA:1004,2
DA:1005,1
DA:1006,1
DA:1007,1
DA:1008,2
DA:1009,1
DA:1011,3
DA:1014,1
DA:1015,1
DA:1016,1
DA:1017,2
DA:1018,1
DA:1022,1
DA:1023,2
DA:1024,1
DA:1025,1
DA:1026,1
DA:1027,2
DA:1028,1
DA:1030,3
DA:1033,1
DA:1034,1
DA:1035,1
DA:1036,2
DA:1037,1
DA:1041,1
DA:1042,2
DA:1043,1
DA:1044,1
DA:1045,1
DA:1046,2
DA:1047,1
DA:1049,3
DA:1052,1
DA:1053,1
DA:1054,1
DA:1055,2
DA:1056,1
DA:1064,6
DA:1065,2
DA:1067,4
DA:1068,2
DA:1069,4
DA:1070,1
DA:1071,1
DA:1072,1
DA:1073,2
DA:1074,1
DA:1076,3
DA:1079,2
DA:1080,1
DA:1081,1
DA:1082,2
DA:1083,1
DA:1087,1
DA:1088,2
DA:1089,1
DA:1090,1
DA:1091,1
DA:1092,2
DA:1093,1
DA:1095,3
DA:1098,1
DA:1099,1
DA:1100,1
DA:1101,2
DA:1102,1
DA:1106,1
DA:1107,2
DA:1108,1
DA:1109,1
DA:1110,1
DA:1111,2
DA:1112,1
DA:1114,3
DA:1117,1
DA:1118,1
DA:1119,1
DA:1120,2
DA:1121,1
DA:1125,1
DA:1126,2
DA:1127,1
DA:1128,1
DA:1129,1
DA:1130,2
DA:1131,1
DA:1133,3
DA:1136,1
DA:1137,1
DA:1138,1
DA:1139,2
DA:1140,1
DA:1144,1
DA:1145,2
DA:1146,1
DA:1147,1
DA:1148,1
DA:1149,2
DA:1150,1
DA:1152,3
DA:1155,1
DA:1156,1
DA:1157,1
DA:1158,2
DA:1159,1
DA:1169,4
DA:1170,2
DA:1171,3
DA:1173,6
DA:1178,2
DA:1184,1
DA:1189,4
DA:1190,2
DA:1191,1
DA:1193,3
DA:1194,2
DA:1195,6
DA:1196,2
DA:1217,2
DA:1223,4
DA:1226,2
DA:1228,3
DA:1239,1
DA:1241,1
DA:1243,2
DA:1244,1
DA:1247,1
DA:1249,1
DA:1254,2
DA:1255,2
DA:1260,1
DA:1262,2
DA:1263,1
DA:1266,2
DA:1365,3
DA:1367,3
DA:1369,12
DA:1370,9
DA:1372,15
DA:1374,6
DA:1375,9
DA:1378,9
DA:1380,9
DA:1382,9
DA:1384,9
DA:1387,9
DA:1389,9
DA:1393,6
DA:1398,12
DA:1400,12
DA:1401,3
DA:1403,6
DA:1407,6
DA:1409,9
DA:1411,9
DA:1413,9
DA:1414,9
DA:1417,9
DA:1418,6
DA:1421,9
DA:1422,3
DA:1424,9
DA:1427,6
DA:1428,6
DA:1429,6
DA:1431,3
DA:1432,3
DA:1434,3
DA:1435,3
DA:1436,3
DA:1439,3
DA:1440,6
DA:1442,12
DA:1444,3
DA:1446,12
DA:1447,3
DA:1450,0
DA:1452,0
DA:1454,0
DA:1460,0
DA:1461,0
DA:1463,0
DA:1464,0
DA:1465,0
DA:1469,0
DA:1471,0
DA:1472,0
DA:1474,0
DA:1475,0
DA:1477,0
DA:1478,0
DA:1480,0
DA:1481,0
DA:1483,0
DA:1484,0
DA:1486,0
DA:1487,0
DA:1493,0
DA:1495,0
DA:1497,0
DA:1500,0
DA:1501,0
DA:1504,0
DA:1507,0
DA:1509,0
DA:1512,0
DA:1515,0
DA:1517,0
DA:1523,0
DA:1524,0
DA:1525,0
DA:1541,0
DA:1544,0
DA:1549,0
DA:1550,0
DA:1551,0
DA:1552,0
DA:1553,0
DA:1554,0
DA:1558,0
DA:1564,0
DA:1566,0
DA:1568,0
DA:1570,0
DA:1571,0
DA:1574,0
DA:1575,0
DA:1578,0
DA:1579,0
DA:1581,0
DA:1584,0
DA:1585,0
DA:1595,0
DA:1596,0
DA:1600,0
DA:1601,0
DA:1602,0
DA:1604,0
DA:1608,3
DA:1610,3
DA:1617,3
DA:1618,18
DA:1621,3
DA:1622,6
DA:1623,3
DA:1624,3
DA:1625,3
DA:1626,6
DA:1627,6
DA:1633,0
DA:1634,0
DA:1635,0
DA:1636,0
DA:1637,0
DA:1638,0
DA:1639,0
DA:1640,0
DA:1641,0
DA:1642,0
DA:1643,0
DA:1644,0
DA:1645,0
DA:1646,0
DA:1650,0
DA:1658,6
DA:1659,4
DA:1660,0
DA:1661,0
DA:1666,3
DA:1669,9
DA:1671,12
DA:1674,0
DA:1678,6
DA:1679,3
DA:1680,3
DA:1681,6
DA:1684,0
DA:1691,4
DA:1692,0
DA:1693,4
DA:1694,3
DA:1695,4
DA:1696,0
DA:1697,2
DA:1698,6
DA:1699,0
DA:1700,0
DA:1701,2
DA:1702,6
DA:1703,2
DA:1704,3
DA:1706,4
DA:1707,6
DA:1718,7
DA:1721,3
DA:1723,6
DA:1724,6
DA:1725,6
DA:1726,3
DA:1729,3
DA:1733,6
DA:1734,9
DA:1737,15
DA:1741,15
DA:1745,9
DA:1746,9
DA:1747,9
DA:1748,9
DA:1752,9
DA:1753,9
DA:1756,3
DA:1757,3
DA:1758,3
DA:1760,9
DA:1761,9
DA:1763,9
DA:1765,9
DA:1766,0
DA:1770,0
DA:1771,0
DA:1774,0
DA:1775,0
DA:1779,3
DA:1781,3
DA:1782,6
DA:1783,3
DA:1784,6
DA:1785,3
DA:1787,6
DA:1788,9
DA:1789,9
DA:1790,9
DA:1791,9
DA:1792,2
DA:1793,2
DA:1794,8
DA:1795,2
DA:1796,4
DA:1797,6
DA:1798,2
DA:1800,6
DA:1801,2
DA:1803,6
DA:1804,1
DA:1809,1
DA:1811,3
DA:1812,1
DA:1813,1
DA:1815,3
DA:1816,1
DA:1820,6
DA:1821,1
DA:1826,1
DA:1828,3
DA:1829,1
DA:1830,1
DA:1832,3
DA:1833,1
DA:1837,4
DA:1838,4
DA:1839,4
DA:1843,6
DA:1844,2
DA:1845,6
DA:1846,4
DA:1849,3
DA:1850,3
DA:1851,3
DA:1852,3
DA:1853,3
DA:1854,3
DA:1855,3
DA:1856,1
DA:1862,2
DA:1863,2
DA:1864,1
DA:1866,1
DA:1869,2
DA:1870,2
DA:1871,0
DA:1872,0
DA:1874,1
DA:1875,1
DA:1878,6
DA:1879,6
DA:1880,6
DA:1885,6
DA:1888,6
DA:1889,3
DA:1890,6
DA:1891,6
DA:1892,6
DA:1893,3
DA:1895,11
DA:1896,2
DA:1897,2
DA:1898,2
DA:1900,6
DA:1901,6
DA:1902,6
DA:1903,6
DA:1904,6
DA:1905,6
DA:1906,6
DA:1907,6
DA:1908,3
DA:1911,6
DA:1912,2
DA:1913,6
DA:1914,2
DA:1915,4
DA:1916,4
DA:1917,2
DA:1918,2
DA:1919,4
DA:1920,4
DA:1921,4
DA:1922,4
DA:1923,4
DA:1924,2
DA:1925,2
DA:1926,1
DA:1927,2
DA:1928,3
DA:1929,3
DA:1931,1
DA:1932,2
DA:1933,1
DA:1934,1
DA:1935,1
DA:1936,1
DA:1937,1
DA:1938,1
DA:1939,1
DA:1940,1
DA:1941,1
DA:1943,1
DA:1944,5
DA:1946,1
DA:1947,3
DA:1948,2
DA:1951,1
DA:1952,2
DA:1953,1
DA:1960,6
DA:1961,4
DA:1962,4
DA:1963,2
DA:1964,6
DA:1965,4
DA:1968,6
DA:1969,4
DA:1970,4
DA:1971,2
DA:1972,6
DA:1973,4
DA:1976,6
DA:1977,3
DA:1978,6
DA:1979,6
DA:1980,12
DA:1981,3
DA:1983,11
DA:1984,1
DA:1985,1
DA:1986,1
DA:1987,2
DA:1988,0
DA:1989,0
DA:1990,0
DA:1994,6
DA:1995,6
DA:1996,6
DA:1997,6
DA:1998,6
DA:1999,6
DA:2000,6
DA:2001,6
DA:2002,3
DA:2005,10
DA:2006,2
DA:2007,6
DA:2008,4
DA:2011,8
DA:2012,2
DA:2013,4
DA:2014,4
DA:2015,2
DA:2016,1
DA:2017,1
DA:2018,1
DA:2019,2
DA:2020,1
DA:2021,1
DA:2024,2
DA:2025,4
DA:2026,2
DA:2027,8
DA:2028,2
DA:2029,4
DA:2030,2
DA:2031,8
DA:2032,2
DA:2033,4
DA:2034,4
DA:2035,4
DA:2036,4
DA:2037,4
DA:2038,2
DA:2040,6
DA:2043,10
DA:2044,2
DA:2045,6
DA:2046,4
DA:2049,6
DA:2050,2
DA:2051,6
DA:2052,2
DA:2053,6
DA:2055,2
DA:2056,2
DA:2057,2
DA:2058,4
DA:2059,2
DA:2060,4
DA:2061,4
DA:2062,2
DA:2063,0
DA:2064,0
DA:2066,0
DA:2067,0
DA:2068,0
DA:2069,0
DA:2071,0
DA:2072,0
DA:2073,0
DA:2074,0
DA:2077,0
DA:2078,0
DA:2079,0
DA:2080,0
DA:2081,0
DA:2082,0
DA:2083,0
DA:2084,0
DA:2086,0
DA:2087,0
DA:2089,0
DA:2090,0
DA:2091,0
DA:2092,0
DA:2093,0
DA:2095,0
DA:2096,0
DA:2109,12
DA:2110,2
DA:2111,2
DA:2113,4
DA:2114,2
DA:2115,6
DA:2116,2
DA:2117,2
DA:2118,4
DA:2120,4
DA:2127,8
DA:2128,2
DA:2130,4
DA:2131,2
DA:2132,6
DA:2133,2
DA:2134,2
DA:2135,4
DA:2145,12
DA:2146,2
DA:2147,6
DA:2148,2
DA:2152,2
DA:2154,4
DA:2155,2
DA:2156,4
DA:2157,6
DA:2158,1
DA:2159,4
DA:2160,4
DA:2161,4
DA:2162,4
DA:2163,4
DA:2164,4
DA:2165,2
DA:2166,0
DA:2167,0
DA:2168,0
DA:2169,0
DA:2170,0
DA:2171,0
DA:2174,0
DA:2175,0
DA:2176,0
DA:2177,0
DA:2179,0
DA:2180,0
DA:2181,0
DA:2182,0
DA:2183,0
DA:2184,0
DA:2186,0
DA:2187,0
DA:2188,0
DA:2189,0
DA:2190,0
DA:2191,0
DA:2195,4
DA:2196,4
DA:2200,8
DA:2201,2
DA:2202,4
DA:2203,2
DA:2204,6
DA:2211,6
DA:2212,4
DA:2213,2
DA:2214,6
DA:2215,4
DA:2218,6
DA:2219,2
DA:2220,4
DA:2221,4
DA:2222,2
DA:2223,2
DA:2224,1
DA:2225,1
DA:2226,1
DA:2228,4
DA:2229,4
DA:2230,4
DA:2231,4
DA:2232,4
DA:2233,4
DA:2234,4
DA:2235,4
DA:2236,2
DA:2238,12
DA:2246,2
DA:2254,2
DA:2260,2
DA:2263,4
DA:2264,6
DA:2265,4
DA:2269,4
DA:2270,4
DA:2273,4
DA:2275,2
DA:2276,6
DA:2277,0
DA:2278,0
DA:2281,2
DA:2282,2
DA:2285,2
DA:2286,2
DA:2288,2
DA:2293,3
DA:2294,2
DA:2296,1
DA:2304,4
DA:2305,1
DA:2306,2
DA:2307,2
DA:2310,0
DA:2312,2
DA:2316,4
DA:2317,6
DA:2318,6
DA:2322,8
DA:2323,4
DA:2327,2
DA:2329,4
DA:2331,2
DA:2334,3
DA:2336,3
DA:2337,5
DA:2339,2
DA:2340,3
DA:2343,4
DA:2348,1
DA:2349,1
DA:2353,0
DA:2354,0
DA:2357,0
DA:2359,0
DA:2368,0
DA:2369,0
DA:2371,0
DA:2373,0
DA:2374,0
DA:2377,0
DA:2378,0
DA:2380,0
DA:2381,0
DA:2384,0
DA:2385,0
DA:2388,0
DA:2389,0
DA:2402,0
DA:2403,0
DA:2404,0
DA:2405,0
DA:2408,0
DA:2409,0
DA:2415,0
DA:2418,0
DA:2419,0
DA:2420,0
DA:2423,0
DA:2428,0
DA:2430,0
DA:2431,0
DA:2432,0
DA:2433,0
DA:2442,1
DA:2444,3
DA:2445,1
DA:2446,3
DA:2447,0
DA:2448,0
DA:2449,0
DA:2450,0
DA:2451,0
DA:2452,0
DA:2453,0
DA:2454,0
DA:2456,1
DA:2457,1
LF:787
LH:599
end_of_record
SF:lib/src/show_color_picker_dialog.dart
DA:7,2
DA:682,2
DA:684,2
DA:742,2
LF:4
LH:4
end_of_record
SF:lib/src/color_picker_extensions.dart
DA:12,3
DA:13,12
DA:17,3
DA:18,15
DA:49,1
DA:51,1
DA:54,2
DA:56,1
DA:57,1
DA:59,1
DA:60,1
DA:62,1
DA:63,1
DA:66,2
DA:67,2
DA:68,2
DA:69,2
DA:70,2
DA:71,2
DA:72,1
DA:75,1
DA:77,1
DA:81,1
DA:82,5
DA:89,2
DA:92,1
DA:93,7
DA:101,1
DA:102,2
DA:127,1
DA:129,1
DA:132,2
DA:134,1
DA:135,1
DA:137,1
DA:138,1
DA:140,1
DA:141,1
DA:144,2
DA:145,2
DA:146,2
DA:147,2
DA:148,2
DA:149,2
DA:150,1
DA:153,1
DA:155,1
DA:159,1
DA:161,4
DA:162,1
DA:168,2
DA:172,1
DA:176,2
DA:177,4
DA:178,1
DA:188,1
DA:192,2
LF:57
LH:57
end_of_record
SF:lib/src/color_tools.dart
DA:134,6
DA:135,3
DA:193,3
DA:194,6
DA:195,6
DA:196,18
DA:210,2
DA:214,4
DA:215,12
DA:231,4
DA:232,8
DA:233,8
DA:234,24
DA:241,3
DA:281,3
DA:282,3
DA:283,3
DA:284,3
DA:285,3
DA:286,3
DA:287,6
DA:288,6
DA:289,6
DA:291,15
DA:292,15
DA:293,15
DA:298,9
DA:299,9
DA:300,9
DA:301,9
DA:302,9
DA:303,9
DA:304,9
DA:305,9
DA:306,6
DA:387,6
DA:388,3
DA:410,3
DA:411,6
DA:412,6
DA:413,18
DA:431,1
DA:432,2
DA:433,2
DA:434,6
DA:441,1
DA:453,3
DA:454,3
DA:455,3
DA:456,3
DA:457,3
DA:458,3
DA:459,6
DA:460,6
DA:461,6
DA:463,15
DA:464,15
DA:465,15
DA:469,9
DA:470,9
DA:471,6
DA:579,6
DA:580,3
DA:588,3
DA:589,6
DA:590,6
DA:591,18
DA:608,1
DA:609,2
DA:610,2
DA:611,6
DA:618,1
DA:624,3
DA:627,6
DA:628,6
DA:629,18
DA:647,3
DA:650,6
DA:651,6
DA:652,18
DA:660,3
DA:668,1
DA:671,1
DA:672,1
DA:674,2
DA:676,2
DA:685,1
DA:688,1
DA:689,1
DA:691,2
DA:693,2
DA:705,3
DA:709,9
DA:710,6
DA:711,18
DA:713,4
DA:715,1
DA:721,9
DA:722,6
DA:723,18
DA:725,9
DA:727,1
DA:734,9
DA:735,6
DA:736,18
DA:738,9
DA:740,1
DA:749,6
DA:750,4
DA:751,18
DA:753,5
DA:755,1
DA:767,1
DA:768,3
DA:783,3
DA:784,6
DA:801,13
DA:804,3
DA:805,6
DA:806,3
DA:807,3
DA:808,3
DA:810,3
DA:811,6
DA:812,9
DA:813,9
DA:818,3
DA:819,3
DA:820,9
DA:821,10
DA:823,18
DA:824,18
DA:825,15
DA:826,18
DA:827,18
DA:828,15
DA:829,6
DA:830,6
DA:835,3
DA:836,0
DA:837,3
DA:843,9
DA:844,9
DA:845,12
DA:846,9
DA:847,12
DA:848,15
DA:849,6
DA:850,9
DA:851,15
LF:150
LH:149
end_of_record
SF:lib/src/color_wheel_picker.dart
DA:22,3
DA:36,9
DA:97,3
DA:98,3
DA:122,3
DA:124,3
DA:125,9
DA:126,9
DA:127,9
DA:128,9
DA:129,6
DA:132,3
DA:134,6
DA:135,3
DA:138,1
DA:140,1
DA:142,2
DA:143,0
DA:144,0
DA:149,2
DA:151,4
DA:152,3
DA:155,4
DA:156,3
DA:159,4
DA:160,3
DA:163,4
DA:164,3
DA:169,12
DA:172,1
DA:173,5
DA:174,1
DA:175,3
DA:177,0
DA:180,0
DA:182,0
DA:183,0
DA:187,1
DA:190,3
DA:192,1
DA:193,3
DA:194,3
DA:196,3
DA:197,1
DA:198,5
DA:199,2
DA:200,1
DA:203,4
DA:204,3
DA:207,2
DA:210,0
DA:211,0
DA:212,0
DA:213,0
DA:214,0
DA:215,0
DA:216,0
DA:217,0
DA:218,0
DA:219,0
DA:220,0
DA:224,1
DA:226,3
DA:229,1
DA:230,2
DA:231,1
DA:233,3
DA:234,1
DA:237,5
DA:240,4
DA:241,2
DA:242,1
DA:243,1
DA:244,1
DA:245,1
DA:248,0
DA:250,0
DA:253,0
DA:255,0
DA:257,0
DA:258,0
DA:259,0
DA:260,0
DA:261,0
DA:262,0
DA:265,0
DA:266,0
DA:267,0
DA:272,0
DA:275,0
DA:277,0
DA:278,0
DA:280,0
DA:281,0
DA:282,0
DA:283,0
DA:286,0
DA:288,0
DA:289,0
DA:292,0
DA:293,0
DA:294,0
DA:296,0
DA:297,0
DA:300,0
DA:301,0
DA:302,0
DA:304,0
DA:306,0
DA:307,0
DA:310,0
DA:312,0
DA:313,0
DA:314,0
DA:315,0
DA:316,0
DA:317,0
DA:320,0
DA:321,0
DA:322,0
DA:327,1
DA:331,3
DA:332,1
DA:333,1
DA:337,5
DA:341,4
DA:344,3
DA:346,3
DA:349,1
DA:350,2
DA:351,0
DA:352,0
DA:353,0
DA:354,0
DA:355,0
DA:356,0
DA:361,2
DA:378,3
DA:379,3
DA:380,3
DA:381,3
DA:382,3
DA:384,3
DA:386,3
DA:387,3
DA:388,3
DA:389,3
DA:390,3
DA:391,3
DA:392,3
DA:393,6
DA:395,10
DA:396,6
DA:397,6
DA:398,6
DA:402,3
DA:403,3
DA:404,3
DA:405,3
DA:406,6
DA:407,6
DA:410,3
DA:411,3
DA:412,3
DA:413,6
DA:415,10
DA:416,6
DA:421,3
DA:422,3
DA:423,3
DA:424,6
DA:437,3
DA:446,3
DA:458,3
DA:459,17
DA:460,3
DA:462,15
DA:464,3
DA:466,15
DA:467,6
DA:469,9
DA:472,3
DA:473,6
DA:474,6
DA:475,3
DA:476,3
DA:478,9
DA:480,3
DA:481,3
DA:483,9
DA:485,3
DA:486,3
DA:488,3
DA:489,3
DA:490,3
DA:496,3
DA:497,3
DA:499,3
DA:500,3
DA:501,3
DA:504,3
DA:505,3
DA:507,3
DA:508,3
DA:509,6
DA:513,1
DA:515,3
DA:516,3
DA:517,3
DA:518,3
DA:519,3
DA:520,3
DA:521,3
DA:522,0
DA:527,3
DA:532,3
DA:539,3
DA:540,17
DA:542,3
DA:544,15
DA:545,6
DA:554,8
DA:556,3
DA:558,6
DA:559,6
DA:562,9
DA:563,6
DA:564,6
DA:565,3
DA:566,12
DA:567,3
DA:568,6
DA:569,3
DA:572,3
DA:579,3
DA:581,3
DA:583,9
DA:584,3
DA:585,3
DA:586,6
DA:589,3
DA:591,9
DA:592,3
DA:593,3
DA:594,6
DA:598,1
DA:600,3
DA:601,3
DA:602,3
DA:603,3
DA:608,3
DA:613,3
DA:620,3
DA:621,17
DA:622,3
DA:624,15
DA:626,3
DA:628,15
DA:629,6
DA:631,9
DA:635,3
DA:636,3
DA:637,3
DA:638,3
DA:640,3
DA:641,3
DA:642,3
DA:643,3
DA:646,3
DA:647,6
DA:649,9
DA:650,3
DA:655,3
DA:656,3
DA:659,1
DA:661,3
DA:662,3
DA:663,0
DA:664,0
DA:665,0
DA:670,3
DA:673,3
DA:678,3
DA:679,17
DA:681,3
DA:683,15
DA:684,6
DA:688,3
DA:689,3
DA:690,3
DA:691,3
DA:693,3
DA:694,3
DA:695,3
DA:696,3
DA:699,3
DA:700,12
DA:705,12
DA:706,12
DA:709,1
DA:711,3
DA:712,3
DA:718,1
DA:719,8
DA:720,0
DA:721,0
DA:722,1
DA:723,3
DA:724,1
DA:725,3
DA:726,6
DA:727,24
DA:728,3
DA:730,12
DA:731,3
DA:732,12
LF:316
LH:242
end_of_record
SF:lib/src/models/color_picker_copy_paste_behavior.dart
DA:58,56
DA:348,1
DA:375,1
DA:376,1
DA:377,1
DA:378,1
DA:379,1
DA:380,1
DA:381,1
DA:382,1
DA:383,1
DA:384,1
DA:385,1
DA:386,1
DA:387,1
DA:389,1
DA:392,1
DA:393,1
DA:394,1
DA:395,1
DA:396,1
DA:397,1
DA:398,1
DA:399,1
DA:400,1
DA:401,1
DA:402,1
DA:403,1
DA:407,2
DA:410,3
DA:411,1
DA:412,3
DA:413,3
DA:414,3
DA:415,3
DA:416,3
DA:417,3
DA:418,3
DA:419,3
DA:420,3
DA:421,3
DA:422,3
DA:423,3
DA:424,2
DA:425,1
DA:426,2
DA:427,1
DA:428,3
DA:429,3
DA:430,3
DA:431,3
DA:432,3
DA:433,3
DA:434,3
DA:435,3
DA:436,3
DA:437,3
DA:438,3
DA:441,1
DA:442,2
DA:443,1
DA:444,1
DA:445,1
DA:446,1
DA:447,1
DA:448,1
DA:449,1
DA:450,1
DA:451,1
DA:452,1
DA:453,1
DA:454,1
DA:455,1
DA:456,1
DA:457,1
DA:458,1
DA:459,1
DA:460,1
DA:461,1
DA:462,1
DA:463,1
DA:464,1
DA:465,1
DA:466,1
DA:467,1
DA:470,1
DA:472,1
DA:473,3
DA:474,3
DA:475,3
DA:476,3
DA:477,3
DA:478,3
DA:479,3
DA:480,3
DA:481,3
DA:483,3
DA:484,3
DA:485,3
DA:486,2
DA:487,1
DA:488,2
DA:490,1
DA:491,1
DA:492,2
DA:493,2
DA:494,1
DA:495,2
DA:496,1
DA:497,3
DA:498,3
DA:499,1
DA:500,2
DA:501,3
DA:502,1
DA:503,2
DA:504,1
DA:505,2
DA:507,3
DA:508,1
DA:509,2
LF:121
LH:121
end_of_record
SF:lib/src/widgets/color_code_field.dart
DA:14,2
DA:91,2
DA:92,2
DA:102,2
DA:104,2
DA:105,4
DA:106,4
DA:107,6
DA:108,8
DA:111,2
DA:113,4
DA:114,4
DA:115,2
DA:118,1
DA:120,1
DA:121,6
DA:122,3
DA:123,4
DA:127,2
DA:132,4
DA:134,4
DA:136,2
DA:139,6
DA:140,2
DA:144,10
DA:149,6
DA:150,4
DA:151,2
DA:153,1
DA:154,0
DA:157,4
DA:160,4
DA:163,0
DA:168,2
DA:171,4
DA:172,6
DA:175,4
DA:177,4
DA:178,2
DA:179,2
DA:186,2
DA:187,2
DA:188,2
DA:189,2
DA:191,2
DA:195,2
DA:196,2
DA:198,4
DA:199,2
DA:201,4
DA:202,4
DA:203,2
DA:204,2
DA:208,2
DA:219,2
DA:220,4
DA:221,2
DA:223,2
DA:224,6
DA:225,2
DA:226,8
DA:231,2
DA:233,2
DA:235,2
DA:236,2
DA:237,2
DA:238,2
DA:241,2
DA:242,2
DA:246,2
DA:248,2
DA:250,2
DA:251,2
DA:254,2
DA:256,2
DA:257,2
DA:260,2
DA:262,2
DA:263,2
DA:266,2
DA:268,2
DA:269,2
DA:272,2
DA:274,2
DA:275,2
DA:278,2
DA:282,0
DA:283,0
DA:284,0
DA:285,0
DA:286,0
DA:288,0
DA:290,0
DA:291,0
DA:292,0
DA:293,0
DA:294,0
DA:296,0
DA:297,0
DA:298,0
DA:308,0
DA:310,0
DA:311,0
DA:312,0
DA:313,0
DA:314,0
DA:315,0
DA:316,0
DA:317,0
DA:318,0
DA:319,0
DA:320,0
DA:322,0
DA:323,0
DA:328,2
DA:329,6
DA:330,6
DA:331,2
DA:332,2
DA:333,0
DA:335,0
DA:336,0
DA:337,0
DA:339,0
DA:340,0
DA:347,0
DA:350,0
DA:351,0
DA:352,0
LF:129
LH:89
end_of_record
SF:lib/src/widgets/color_picker_toolbar.dart
DA:14,2
DA:24,2
DA:56,2
DA:63,2
DA:65,4
DA:67,2
DA:70,4
DA:71,2
DA:74,4
DA:75,2
DA:79,8
DA:82,8
DA:84,4
DA:85,4
DA:86,2
DA:87,0
DA:88,1
DA:91,2
DA:92,4
DA:93,1
DA:96,4
DA:97,1
DA:99,1
DA:101,2
DA:102,2
DA:103,2
DA:104,2
DA:105,6
DA:106,2
DA:107,1
DA:108,1
DA:109,1
DA:110,1
DA:111,2
DA:112,2
DA:113,2
DA:114,6
DA:115,2
DA:117,4
DA:118,4
DA:119,4
DA:120,4
DA:122,4
DA:124,2
DA:125,2
DA:126,6
DA:127,2
DA:129,4
DA:130,4
DA:131,4
DA:132,4
DA:134,4
DA:136,6
DA:137,2
DA:138,6
DA:139,2
DA:141,4
DA:142,4
DA:143,4
DA:144,4
DA:146,4
DA:148,2
DA:149,2
DA:150,6
DA:151,2
DA:153,4
DA:154,4
DA:155,4
DA:156,4
DA:158,4
DA:160,6
DA:161,2
DA:162,6
DA:163,2
DA:165,4
DA:166,4
DA:167,4
DA:168,4
DA:170,4
LF:79
LH:78
end_of_record
SF:lib/src/widgets/copy_paste_handler.dart
DA:17,4
DA:74,4
DA:76,8
DA:78,8
DA:79,4
DA:80,4
DA:82,0
DA:85,8
DA:88,0
DA:91,8
DA:94,4
DA:95,4
DA:96,8
DA:97,8
DA:99,8
DA:100,4
DA:101,4
DA:102,4
DA:104,4
DA:106,8
DA:107,4
DA:108,4
DA:109,2
DA:110,2
DA:111,2
DA:112,2
DA:114,2
DA:116,2
DA:117,0
DA:118,0
DA:119,0
DA:121,0
DA:122,0
DA:125,2
DA:129,4
DA:140,13
DA:146,4
DA:154,0
DA:156,0
DA:164,13
DA:170,4
DA:178,0
DA:180,0
LF:43
LH:32
end_of_record
SF:lib/src/widgets/main_colors.dart
DA:10,3
DA:81,3
DA:83,9
DA:84,3
DA:85,6
DA:86,3
DA:87,3
DA:88,3
DA:89,3
DA:90,3
DA:91,3
DA:92,9
DA:93,3
DA:94,9
DA:95,2
DA:97,3
DA:98,3
DA:100,3
DA:101,3
DA:102,3
DA:103,3
DA:104,2
DA:105,4
DA:106,3
DA:108,3
LF:25
LH:25
end_of_record
SF:lib/src/widgets/opacity/opacity_slider.dart
DA:31,3
DA:41,9
DA:43,9
DA:45,3
DA:98,3
DA:100,3
DA:101,3
DA:103,3
DA:104,3
DA:105,3
DA:106,1
DA:107,4
DA:108,1
DA:109,1
DA:113,1
DA:114,1
DA:115,1
DA:116,1
DA:131,3
DA:132,2
DA:133,3
DA:135,3
DA:136,9
DA:137,3
DA:138,3
DA:140,3
DA:145,1
DA:151,2
DA:154,2
DA:155,1
DA:159,1
DA:165,1
LF:32
LH:32
end_of_record
SF:lib/src/widgets/picker_selector.dart
DA:14,3
DA:23,3
DA:50,3
DA:53,3
DA:54,9
DA:57,3
DA:63,3
DA:65,4
DA:70,3
DA:72,3
DA:73,6
DA:74,3
DA:75,3
DA:76,6
DA:77,4
DA:79,2
DA:80,4
DA:82,4
DA:83,2
DA:87,6
DA:88,6
DA:90,3
DA:91,6
DA:93,6
DA:94,3
DA:98,6
DA:99,6
DA:101,3
DA:102,6
DA:104,6
DA:105,2
DA:109,6
DA:110,4
DA:112,2
DA:113,4
DA:115,4
DA:116,1
DA:120,6
DA:121,4
DA:123,2
DA:124,4
DA:126,4
DA:127,2
DA:131,6
DA:132,2
DA:134,1
DA:135,2
DA:137,2
DA:138,1
DA:142,6
DA:143,4
DA:145,2
DA:146,4
DA:148,4
DA:149,2
DA:154,3
DA:159,1
DA:160,2
DA:162,3
LF:59
LH:59
end_of_record
SF:lib/src/widgets/recent_colors.dart
DA:12,2
DA:28,2
DA:79,2
DA:81,2
DA:82,2
DA:83,2
DA:84,2
DA:85,2
DA:86,2
DA:87,2
DA:89,12
DA:91,2
DA:92,2
DA:94,2
DA:95,2
DA:96,2
DA:97,2
DA:98,1
DA:99,2
DA:101,2
LF:20
LH:20
end_of_record
SF:lib/src/widgets/shade_colors.dart
DA:13,3
DA:30,3
DA:87,3
DA:89,9
DA:90,3
DA:91,6
DA:92,3
DA:93,3
DA:94,3
DA:95,3
DA:97,9
DA:98,3
DA:100,18
DA:102,3
DA:103,3
DA:105,3
DA:106,3
DA:107,3
DA:108,3
DA:109,1
DA:110,2
DA:112,3
LF:22
LH:22
end_of_record
SF:lib/src/widgets/tonal_palette_colors.dart
DA:13,2
DA:28,2
DA:76,2
DA:77,2
DA:83,2
DA:85,2
DA:86,8
DA:89,1
DA:91,2
DA:92,4
DA:94,1
DA:97,2
DA:100,7
DA:101,2
DA:102,4
DA:103,4
DA:104,2
DA:105,2
DA:106,2
DA:107,6
DA:108,10
DA:110,4
DA:111,4
DA:113,4
DA:114,4
DA:115,4
DA:116,4
DA:117,1
DA:118,3
DA:120,4
LF:30
LH:30
end_of_record
SF:lib/src/universal_widgets/context_popup_menu.dart
DA:35,2
DA:94,2
DA:95,2
DA:101,2
DA:103,4
DA:104,4
DA:105,0
DA:106,0
DA:107,0
DA:108,4
DA:109,0
DA:110,0
DA:111,0
DA:113,2
DA:116,0
DA:117,0
DA:118,0
DA:119,0
DA:123,0
DA:124,0
DA:125,0
DA:126,0
DA:129,4
DA:133,0
DA:134,0
DA:136,0
DA:138,0
DA:139,0
DA:140,0
DA:141,0
DA:142,0
DA:143,0
DA:144,0
DA:145,0
DA:148,0
LF:35
LH:9
end_of_record
SF:lib/src/universal_widgets/if_wrapper.dart
DA:32,5
DA:38,5
DA:54,5
DA:56,5
DA:57,9
DA:58,4
DA:59,3
DA:61,4
LF:8
LH:8
end_of_record
SF:lib/src/widgets/context_copy_paste_menu.dart
DA:24,2
DA:41,2
DA:146,2
DA:148,2
DA:151,4
DA:152,2
DA:153,4
DA:154,4
DA:155,2
DA:156,4
DA:157,2
DA:158,2
DA:159,4
DA:161,6
DA:162,2
DA:163,4
DA:164,4
DA:166,2
DA:167,4
DA:172,4
DA:173,6
DA:174,6
DA:175,6
DA:178,2
DA:179,2
DA:180,2
DA:182,2
DA:183,2
DA:184,2
DA:185,2
DA:187,2
DA:188,2
DA:189,2
DA:191,2
DA:192,2
DA:193,2
DA:194,2
DA:196,2
DA:197,6
DA:198,4
DA:203,2
DA:205,2
DA:206,2
DA:207,2
DA:208,2
DA:210,2
DA:211,6
DA:212,4
DA:218,2
DA:219,2
DA:220,2
LF:51
LH:51
end_of_record
SF:lib/src/widgets/opacity/opacity_slider_thumb.dart
DA:22,2
DA:33,6
DA:35,2
DA:50,4
DA:52,4
DA:54,2
DA:56,2
DA:57,2
DA:58,2
DA:61,2
DA:62,2
DA:63,2
DA:64,2
DA:66,2
DA:67,2
DA:70,2
DA:73,2
DA:74,6
DA:75,10
DA:77,2
DA:78,2
DA:79,4
DA:81,2
DA:83,4
DA:86,2
DA:91,2
DA:93,2
DA:94,8
DA:95,8
DA:97,2
LF:30
LH:30
end_of_record
SF:lib/src/widgets/opacity/opacity_slider_track.dart
DA:14,2
DA:18,2
DA:19,4
DA:23,4
DA:49,2
DA:58,6
DA:60,6
DA:61,2
DA:62,4
DA:63,4
DA:66,10
DA:68,12
DA:70,10
DA:71,2
DA:74,4
DA:75,2
DA:78,2
DA:92,4
DA:94,4
DA:96,4
DA:98,4
DA:100,4
DA:103,4
DA:107,2
DA:114,6
DA:115,8
DA:117,4
DA:118,2
DA:119,4
DA:121,4
DA:122,10
DA:123,2
DA:128,2
DA:131,0
DA:136,2
DA:137,6
DA:138,2
DA:139,6
DA:140,0
DA:141,6
DA:142,2
DA:143,6
DA:144,0
DA:145,2
DA:148,2
DA:151,2
DA:154,2
DA:159,4
DA:160,6
DA:161,4
LF:50
LH:47
end_of_record
